This is pdfTeX, Version 3.1415926-2.5-1.40.14 (TeX Live 2013) (format=pdflatex 2013.5.30)  24 SEP 2015 21:31
entering extended mode
 restricted \write18 enabled.
 file:line:error style messages enabled.
 %&-line parsing enabled.
**apacite.ins
(./apacite.ins
LaTeX2e <2011/06/27>
Babel <3.9f> and hyphenation patterns for 78 languages loaded.
(/usr/local/texlive/2013/texmf-dist/tex/latex/base/docstrip.tex
\blockLevel=\count79
\emptyLines=\count80
\processedLines=\count81
\commentsRemoved=\count82
\commentsPassed=\count83
\codeLinesPassed=\count84
\TotalprocessedLines=\count85
\TotalcommentsRemoved=\count86
\TotalcommentsPassed=\count87
\TotalcodeLinesPassed=\count88
\NumberOfFiles=\count89
\inFile=\read1
\inputcheck=\read2
\off@0=\count90
\off@1=\count91
\off@2=\count92
\off@3=\count93
\off@4=\count94
\off@5=\count95
\off@6=\count96
\off@7=\count97
\off@8=\count98
\off@9=\count99
\off@10=\count100
\off@11=\count101
\off@12=\count102
\off@13=\count103
\off@14=\count104
\off@15=\count105
\@maxfiles=\count106
\@maxoutfiles=\count107

Utility: `docstrip' 2.5d <2005/07/29>
English documentation    <1999/03/31>

**********************************************************
* This program converts documented macro-files into fast *
* loadable files by stripping off (nearly) all comments! *
**********************************************************

********************************************************
* No Configuration file found, using default settings. *
********************************************************

) File ./english.apc already exists on the system.
Overwrite it? [y/n]
\answer=y

By default you will be asked this question for every file.
If you enter `y' now,
I will asssume `y' for all future questions
without prompting.
\noprompt=
File ./dutch.apc already exists on the system.
Overwrite it? [y/n]
\answer=y
File ./finnish.apc already exists on the system.
Overwrite it? [y/n]
\answer=y
File ./french.apc already exists on the system.
Overwrite it? [y/n]
\answer=yy
Not generating file ./french.apc

File ./german.apc already exists on the system.
Overwrite it? [y/n]
\answer=y
File ./ngerman.apc already exists on the system.
Overwrite it? [y/n]
\answer=y
File ./greek.apc already exists on the system.
Overwrite it? [y/n]
\answer=y
File ./norsk.apc already exists on the system.
Overwrite it? [y/n]
\answer=y
File ./spanish.apc already exists on the system.
Overwrite it? [y/n]
\answer=y
File ./swedish.apc already exists on the system.
Overwrite it? [y/n]
\answer=y
File ./apacxmpl.tex already exists on the system.
Overwrite it? [y/n]
\answer=y

Generating file(s) ./apacite.sty ./apacdoc.sty ./english.apc ./dutch.apc ./finn
ish.apc ./german.apc ./ngerman.apc ./greek.apc ./norsk.apc ./spanish.apc ./swed
ish.apc ./apacxmpl.tex ./apacite.drv ./apa5ex.bib ./apacite.bst ./apacitex.bst 
./apacann.bst ./apacannx.bst 
\openout0 = `./apacite.sty'.

\openout1 = `./apacdoc.sty'.

\openout2 = `./english.apc'.

\openout3 = `./dutch.apc'.

\openout4 = `./finnish.apc'.

\openout5 = `./german.apc'.

\openout6 = `./ngerman.apc'.

\openout7 = `./greek.apc'.

\openout8 = `./norsk.apc'.

\openout9 = `./spanish.apc'.

\openout10 = `./swedish.apc'.

\openout11 = `./apacxmpl.tex'.

\openout12 = `./apacite.drv'.

\openout13 = `./apa5ex.bib'.

\openout14 = `./apacite.bst'.

\openout15 = `./apacitex.bst'.


Processing file apacite.dtx (package) -> apacite.sty
                            (docpkg) -> apacdoc.sty
                            (english) -> english.apc
                            (dutch) -> dutch.apc
                            (finnish) -> finnish.apc
                            (german) -> german.apc
                            (ngerman) -> ngerman.apc
                            (greek) -> greek.apc
                            (norsk) -> norsk.apc
                            (spanish) -> spanish.apc
                            (swedish) -> swedish.apc
                            (xmpl) -> apacxmpl.tex
                            (driver) -> apacite.drv
                            (bibdb) -> apa5ex.bib
                            (bibstyle) -> apacite.bst
                            (xbibstyle) -> apacitex.bst
File apacite.dtx ended by \endinput.
Lines  processed: 23152
Comments removed: 4911
Comments  passed: 787
Codelines passed: 17172

\openout0 = `./apacann.bst'.

\openout1 = `./apacannx.bst'.


Processing file apacite.dtx (bibstyle,annotated) -> apacann.bst
                            (xbibstyle,annotated) -> apacannx.bst
File apacite.dtx ended by \endinput.
Lines  processed: 23152
Comments removed: 4911
Comments  passed: 787
Codelines passed: 17172

*****************************************************
*                                                   *
* To finish the installation you have to move the   *
* following files into a directory searched by TeX: *
*                                                   *
*     All *.apc, *.sty                              *
*                                                   *
* and to move the following files into a directory  *
* searched by BibTeX:                               *
*                                                   *
*     All *.bib, *.bst                              *
*                                                   *
* To produce the documentation, run the following   *
* script (or something similar, depending on your   *
* operating system):                                *
*                                                   *
*  pdflatex apacite.drv                             *
*  bibtex   apacite                                 *
*  pdflatex apacite.drv                             *
*  pdflatex apacite.drv                             *
*  pdflatex apacite.drv                             *
*  makeindex -o apacite.and apacite.adx             *
*  pdflatex apacite.drv                             *
*  pdflatex apacite.drv                             *
*                                                   *
* See the README file for a brief explanation and   *
* the file apacite.drv for how to customize the     *
* manual (e.g., to include the documented source    *
* code.                                             *
*                                                   *
* Happy TeXing!                                     *
*                                                   *
*****************************************************
Overall statistics:
Files  processed: 2
Lines  processed: 46304
Comments removed: 9822
Comments  passed: 1574
Codelines passed: 34344
 ) 
Here is how much of TeX's memory you used:
 468 strings out of 493315
 4953 string characters out of 6137904
 63744 words of memory out of 5000000
 3994 multiletter control sequences out of 15000+600000
 3640 words of font info for 14 fonts, out of 8000000 for 9000
 957 hyphenation exceptions out of 8191
 13i,0n,15p,213b,291s stack positions out of 5000i,500n,10000p,200000b,80000s

No pages of output.
PDF statistics:
 0 PDF objects out of 1000 (max. 8388607)
 0 named destinations out of 1000 (max. 500000)
 1 words of extra memory for PDF output out of 10000 (max. 10000000)

