This is pdfTeX, Version 3.14159265-2.6-1.40.16 (TeX Live 2015) (preloaded format=pdflatex 2015.5.24)  16 MAR 2016 12:39
entering extended mode
 restricted \write18 enabled.
 file:line:error style messages enabled.
 %&-line parsing enabled.
**westernthesis.tex
(./westernthesis.tex
LaTeX2e <2015/01/01>
Babel <3.9l> and hyphenation patterns for 79 languages loaded.
(/usr/local/texlive/2015/texmf-dist/tex/latex/base/report.cls
Document Class: report 2014/09/29 v1.4h Standard LaTeX document class
(/usr/local/texlive/2015/texmf-dist/tex/latex/base/size12.clo
File: size12.clo 2014/09/29 v1.4h Standard LaTeX file (size option)
)
\c@part=\count79
\c@chapter=\count80
\c@section=\count81
\c@subsection=\count82
\c@subsubsection=\count83
\c@paragraph=\count84
\c@subparagraph=\count85
\c@figure=\count86
\c@table=\count87
\abovecaptionskip=\skip41
\belowcaptionskip=\skip42
\bibindent=\dimen102
)
(/usr/local/texlive/2015/texmf-dist/tex/latex/appendix/appendix.sty
Package: appendix 2009/09/02 v1.2b extra appendix facilities
\c@@pps=\count88
\c@@ppsavesec=\count89
\c@@ppsaveapp=\count90
)
(/usr/local/texlive/2015/texmf-dist/tex/latex/graphics/graphicx.sty
Package: graphicx 2014/10/28 v1.0g Enhanced LaTeX Graphics (DPC,SPQR)

(/usr/local/texlive/2015/texmf-dist/tex/latex/graphics/keyval.sty
Package: keyval 2014/10/28 v1.15 key=value parser (DPC)
\KV@toks@=\toks14
)
(/usr/local/texlive/2015/texmf-dist/tex/latex/graphics/graphics.sty
Package: graphics 2014/10/28 v1.0p Standard LaTeX Graphics (DPC,SPQR)

(/usr/local/texlive/2015/texmf-dist/tex/latex/graphics/trig.sty
Package: trig 1999/03/16 v1.09 sin cos tan (DPC)
)
(/usr/local/texlive/2015/texmf-dist/tex/latex/latexconfig/graphics.cfg
File: graphics.cfg 2010/04/23 v1.9 graphics configuration of TeX Live
)
Package graphics Info: Driver file: pdftex.def on input line 94.

(/usr/local/texlive/2015/texmf-dist/tex/latex/pdftex-def/pdftex.def
File: pdftex.def 2011/05/27 v0.06d Graphics/color for pdfTeX

(/usr/local/texlive/2015/texmf-dist/tex/generic/oberdiek/infwarerr.sty
Package: infwarerr 2010/04/08 v1.3 Providing info/warning/error messages (HO)
)
(/usr/local/texlive/2015/texmf-dist/tex/generic/oberdiek/ltxcmds.sty
Package: ltxcmds 2011/11/09 v1.22 LaTeX kernel commands for general use (HO)
)
\Gread@gobject=\count91
))
\Gin@req@height=\dimen103
\Gin@req@width=\dimen104
)
(/usr/local/texlive/2015/texmf-dist/tex/latex/amsmath/amsmath.sty
Package: amsmath 2013/01/14 v2.14 AMS math features
\@mathmargin=\skip43

For additional information on amsmath, use the `?' option.
(/usr/local/texlive/2015/texmf-dist/tex/latex/amsmath/amstext.sty
Package: amstext 2000/06/29 v2.01

(/usr/local/texlive/2015/texmf-dist/tex/latex/amsmath/amsgen.sty
File: amsgen.sty 1999/11/30 v2.0
\@emptytoks=\toks15
\ex@=\dimen105
))
(/usr/local/texlive/2015/texmf-dist/tex/latex/amsmath/amsbsy.sty
Package: amsbsy 1999/11/29 v1.2d
\pmbraise@=\dimen106
)
(/usr/local/texlive/2015/texmf-dist/tex/latex/amsmath/amsopn.sty
Package: amsopn 1999/12/14 v2.01 operator names
)
\inf@bad=\count92
LaTeX Info: Redefining \frac on input line 210.
\uproot@=\count93
\leftroot@=\count94
LaTeX Info: Redefining \overline on input line 306.
\classnum@=\count95
\DOTSCASE@=\count96
LaTeX Info: Redefining \ldots on input line 378.
LaTeX Info: Redefining \dots on input line 381.
LaTeX Info: Redefining \cdots on input line 466.
\Mathstrutbox@=\box26
\strutbox@=\box27
\big@size=\dimen107
LaTeX Font Info:    Redeclaring font encoding OML on input line 566.
LaTeX Font Info:    Redeclaring font encoding OMS on input line 567.
\macc@depth=\count97
\c@MaxMatrixCols=\count98
\dotsspace@=\muskip10
\c@parentequation=\count99
\dspbrk@lvl=\count100
\tag@help=\toks16
\row@=\count101
\column@=\count102
\maxfields@=\count103
\andhelp@=\toks17
\eqnshift@=\dimen108
\alignsep@=\dimen109
\tagshift@=\dimen110
\tagwidth@=\dimen111
\totwidth@=\dimen112
\lineht@=\dimen113
\@envbody=\toks18
\multlinegap=\skip44
\multlinetaggap=\skip45
\mathdisplay@stack=\toks19
LaTeX Info: Redefining \[ on input line 2665.
LaTeX Info: Redefining \] on input line 2666.
)
(/usr/local/texlive/2015/texmf-dist/tex/latex/smartref/smartref.sty
Package: smartref 2002/02/28 v1.9 Increase reference capability (deep reference
)
\c@@smartlistlen=\count104
\c@less@smartlist=\count105
\c@@currsmartlistplace=\count106
\sm@rtintern@ltok=\toks20
)
(/usr/local/texlive/2015/texmf-dist/tex/latex/smartref/byname.sty
Package: byname 2001/07/12 v1.1 Increase reference capability (reference by nam
e)
)
(/usr/local/texlive/2015/texmf-dist/tex/latex/booktabs/booktabs.sty
Package: booktabs 2005/04/14 v1.61803 publication quality tables
\heavyrulewidth=\dimen114
\lightrulewidth=\dimen115
\cmidrulewidth=\dimen116
\belowrulesep=\dimen117
\belowbottomsep=\dimen118
\aboverulesep=\dimen119
\abovetopsep=\dimen120
\cmidrulesep=\dimen121
\cmidrulekern=\dimen122
\defaultaddspace=\dimen123
\@cmidla=\count107
\@cmidlb=\count108
\@aboverulesep=\dimen124
\@belowrulesep=\dimen125
\@thisruleclass=\count109
\@lastruleclass=\count110
\@thisrulewidth=\dimen126
)
(/usr/local/texlive/2015/texmf-dist/tex/latex/tools/tabularx.sty
Package: tabularx 2014/10/28 v2.10 `tabularx' package (DPC)

(/usr/local/texlive/2015/texmf-dist/tex/latex/tools/array.sty
Package: array 2014/10/28 v2.4c Tabular extension package (FMi)
\col@sep=\dimen127
\extrarowheight=\dimen128
\NC@list=\toks21
\extratabsurround=\skip46
\backup@length=\skip47
)
\TX@col@width=\dimen129
\TX@old@table=\dimen130
\TX@old@col=\dimen131
\TX@target=\dimen132
\TX@delta=\dimen133
\TX@cols=\count111
\TX@ftn=\toks22
)
(/usr/local/texlive/2015/texmf-dist/tex/latex/soul/soul.sty
Package: soul 2003/11/17 v2.4 letterspacing/underlining (mf)
\SOUL@word=\toks23
\SOUL@lasttoken=\toks24
\SOUL@cmds=\toks25
\SOUL@buffer=\toks26
\SOUL@token=\toks27
\SOUL@spaceskip=\skip48
\SOUL@ttwidth=\dimen134
\SOUL@uldp=\dimen135
\SOUL@ulht=\dimen136
)
(/usr/local/texlive/2015/texmf-dist/tex/latex/hyperref/hyperref.sty
Package: hyperref 2012/11/06 v6.83m Hypertext links for LaTeX

(/usr/local/texlive/2015/texmf-dist/tex/generic/oberdiek/hobsub-hyperref.sty
Package: hobsub-hyperref 2012/05/28 v1.13 Bundle oberdiek, subset hyperref (HO)


(/usr/local/texlive/2015/texmf-dist/tex/generic/oberdiek/hobsub-generic.sty
Package: hobsub-generic 2012/05/28 v1.13 Bundle oberdiek, subset generic (HO)
Package: hobsub 2012/05/28 v1.13 Construct package bundles (HO)
Package hobsub Info: Skipping package `infwarerr' (already loaded).
Package hobsub Info: Skipping package `ltxcmds' (already loaded).
Package: ifluatex 2010/03/01 v1.3 Provides the ifluatex switch (HO)
Package ifluatex Info: LuaTeX not detected.
Package: ifvtex 2010/03/01 v1.5 Detect VTeX and its facilities (HO)
Package ifvtex Info: VTeX not detected.
Package: intcalc 2007/09/27 v1.1 Expandable calculations with integers (HO)
Package: ifpdf 2011/01/30 v2.3 Provides the ifpdf switch (HO)
Package ifpdf Info: pdfTeX in PDF mode is detected.
Package: etexcmds 2011/02/16 v1.5 Avoid name clashes with e-TeX commands (HO)
Package etexcmds Info: Could not find \expanded.
(etexcmds)             That can mean that you are not using pdfTeX 1.50 or
(etexcmds)             that some package has redefined \expanded.
(etexcmds)             In the latter case, load this package earlier.
Package: kvsetkeys 2012/04/25 v1.16 Key value parser (HO)
Package: kvdefinekeys 2011/04/07 v1.3 Define keys (HO)
Package: pdftexcmds 2011/11/29 v0.20 Utility functions of pdfTeX for LuaTeX (HO
)
Package pdftexcmds Info: LuaTeX not detected.
Package pdftexcmds Info: \pdf@primitive is available.
Package pdftexcmds Info: \pdf@ifprimitive is available.
Package pdftexcmds Info: \pdfdraftmode found.
Package: pdfescape 2011/11/25 v1.13 Implements pdfTeX's escape features (HO)
Package: bigintcalc 2012/04/08 v1.3 Expandable calculations on big integers (HO
)
Package: bitset 2011/01/30 v1.1 Handle bit-vector datatype (HO)
Package: uniquecounter 2011/01/30 v1.2 Provide unlimited unique counter (HO)
)
Package hobsub Info: Skipping package `hobsub' (already loaded).
Package: letltxmacro 2010/09/02 v1.4 Let assignment for LaTeX macros (HO)
Package: hopatch 2012/05/28 v1.2 Wrapper for package hooks (HO)
Package: xcolor-patch 2011/01/30 xcolor patch
Package: atveryend 2011/06/30 v1.8 Hooks at the very end of document (HO)
Package atveryend Info: \enddocument detected (standard20110627).
Package: atbegshi 2011/10/05 v1.16 At begin shipout hook (HO)
Package: refcount 2011/10/16 v3.4 Data extraction from label references (HO)
Package: hycolor 2011/01/30 v1.7 Color options for hyperref/bookmark (HO)
)
(/usr/local/texlive/2015/texmf-dist/tex/generic/ifxetex/ifxetex.sty
Package: ifxetex 2010/09/12 v0.6 Provides ifxetex conditional
)
(/usr/local/texlive/2015/texmf-dist/tex/latex/oberdiek/auxhook.sty
Package: auxhook 2011/03/04 v1.3 Hooks for auxiliary files (HO)
)
(/usr/local/texlive/2015/texmf-dist/tex/latex/oberdiek/kvoptions.sty
Package: kvoptions 2011/06/30 v3.11 Key value format for package options (HO)
)
\@linkdim=\dimen137
\Hy@linkcounter=\count112
\Hy@pagecounter=\count113

(/usr/local/texlive/2015/texmf-dist/tex/latex/hyperref/pd1enc.def
File: pd1enc.def 2012/11/06 v6.83m Hyperref: PDFDocEncoding definition (HO)
)
\Hy@SavedSpaceFactor=\count114

(/usr/local/texlive/2015/texmf-dist/tex/latex/latexconfig/hyperref.cfg
File: hyperref.cfg 2002/06/06 v1.2 hyperref configuration of TeXLive
)
Package hyperref Info: Hyper figures OFF on input line 4443.
Package hyperref Info: Link nesting OFF on input line 4448.
Package hyperref Info: Hyper index ON on input line 4451.
Package hyperref Info: Plain pages OFF on input line 4458.
Package hyperref Info: Backreferencing OFF on input line 4463.
Package hyperref Info: Implicit mode ON; LaTeX internals redefined.
Package hyperref Info: Bookmarks ON on input line 4688.
\c@Hy@tempcnt=\count115

(/usr/local/texlive/2015/texmf-dist/tex/latex/url/url.sty
\Urlmuskip=\muskip11
Package: url 2013/09/16  ver 3.4  Verb mode for urls, etc.
)
LaTeX Info: Redefining \url on input line 5041.
\XeTeXLinkMargin=\dimen138
\Fld@menulength=\count116
\Field@Width=\dimen139
\Fld@charsize=\dimen140
Package hyperref Info: Hyper figures OFF on input line 6295.
Package hyperref Info: Link nesting OFF on input line 6300.
Package hyperref Info: Hyper index ON on input line 6303.
Package hyperref Info: backreferencing OFF on input line 6310.
Package hyperref Info: Link coloring OFF on input line 6315.
Package hyperref Info: Link coloring with OCG OFF on input line 6320.
Package hyperref Info: PDF/A mode OFF on input line 6325.
LaTeX Info: Redefining \ref on input line 6365.
LaTeX Info: Redefining \pageref on input line 6369.
\Hy@abspage=\count117
\c@Item=\count118
\c@Hfootnote=\count119
)

Package hyperref Message: Driver (autodetected): hpdftex.

(/usr/local/texlive/2015/texmf-dist/tex/latex/hyperref/hpdftex.def
File: hpdftex.def 2012/11/06 v6.83m Hyperref driver for pdfTeX
\Fld@listcount=\count120
\c@bookmark@seq@number=\count121

(/usr/local/texlive/2015/texmf-dist/tex/latex/oberdiek/rerunfilecheck.sty
Package: rerunfilecheck 2011/04/15 v1.7 Rerun checks for auxiliary files (HO)
Package uniquecounter Info: New unique counter `rerunfilecheck' on input line 2
82.
)
\Hy@SectionHShift=\skip49
)
Package hyperref Info: Option `colorlinks' set `true' on input line 30.

(./apacite.sty
Package: apacite 2013/07/21 v6.03 APA citation
\c@BibCnt=\count122
\bibleftmargin=\skip50
\bibindent=\skip51
\bibparsep=\skip52
\bibitemsep=\skip53
\biblabelsep=\skip54
)
(/usr/local/texlive/2015/texmf-dist/tex/latex/acronym/acronym.sty
Package: acronym 2015/03/21 v1.41 Support for acronyms (Tobias Oetiker)

(/usr/local/texlive/2015/texmf-dist/tex/latex/bigfoot/suffix.sty
Package: suffix 2006/07/15 1.5a Variant command support
)
(/usr/local/texlive/2015/texmf-dist/tex/generic/xstring/xstring.sty
(/usr/local/texlive/2015/texmf-dist/tex/generic/xstring/xstring.tex
\@xs@message=\write3
\integerpart=\count123
\decimalpart=\count124
)
Package: xstring 2013/10/13  v1.7c  String manipulations (C Tellechea)
)
\AC@clearlist=\toks28
)
(/usr/local/texlive/2015/texmf-dist/tex/latex/txfonts/txfonts.sty
Package: txfonts 2008/01/22 v3.2.1
LaTeX Font Info:    Redeclaring symbol font `operators' on input line 21.
LaTeX Font Info:    Overwriting symbol font `operators' in version `normal'
(Font)                  OT1/cmr/m/n --> OT1/txr/m/n on input line 21.
LaTeX Font Info:    Overwriting symbol font `operators' in version `bold'
(Font)                  OT1/cmr/bx/n --> OT1/txr/m/n on input line 21.
LaTeX Font Info:    Overwriting symbol font `operators' in version `bold'
(Font)                  OT1/txr/m/n --> OT1/txr/bx/n on input line 22.
\symitalic=\mathgroup4
LaTeX Font Info:    Overwriting symbol font `italic' in version `bold'
(Font)                  OT1/txr/m/it --> OT1/txr/bx/it on input line 26.
LaTeX Font Info:    Redeclaring math alphabet \mathbf on input line 29.
LaTeX Font Info:    Overwriting math alphabet `\mathbf' in version `normal'
(Font)                  OT1/cmr/bx/n --> OT1/txr/bx/n on input line 29.
LaTeX Font Info:    Overwriting math alphabet `\mathbf' in version `bold'
(Font)                  OT1/cmr/bx/n --> OT1/txr/bx/n on input line 29.
LaTeX Font Info:    Redeclaring math alphabet \mathit on input line 30.
LaTeX Font Info:    Overwriting math alphabet `\mathit' in version `normal'
(Font)                  OT1/cmr/m/it --> OT1/txr/m/it on input line 30.
LaTeX Font Info:    Overwriting math alphabet `\mathit' in version `bold'
(Font)                  OT1/cmr/bx/it --> OT1/txr/m/it on input line 30.
LaTeX Font Info:    Overwriting math alphabet `\mathit' in version `bold'
(Font)                  OT1/txr/m/it --> OT1/txr/bx/it on input line 31.
LaTeX Font Info:    Redeclaring math alphabet \mathsf on input line 40.
LaTeX Font Info:    Overwriting math alphabet `\mathsf' in version `normal'
(Font)                  OT1/cmss/m/n --> OT1/txss/m/n on input line 40.
LaTeX Font Info:    Overwriting math alphabet `\mathsf' in version `bold'
(Font)                  OT1/cmss/bx/n --> OT1/txss/m/n on input line 40.
LaTeX Font Info:    Overwriting math alphabet `\mathsf' in version `bold'
(Font)                  OT1/txss/m/n --> OT1/txss/b/n on input line 41.
LaTeX Font Info:    Redeclaring math alphabet \mathtt on input line 50.
LaTeX Font Info:    Overwriting math alphabet `\mathtt' in version `normal'
(Font)                  OT1/cmtt/m/n --> OT1/txtt/m/n on input line 50.
LaTeX Font Info:    Overwriting math alphabet `\mathtt' in version `bold'
(Font)                  OT1/cmtt/m/n --> OT1/txtt/m/n on input line 50.
LaTeX Font Info:    Overwriting math alphabet `\mathtt' in version `bold'
(Font)                  OT1/txtt/m/n --> OT1/txtt/b/n on input line 51.
LaTeX Font Info:    Redeclaring symbol font `letters' on input line 58.
LaTeX Font Info:    Overwriting symbol font `letters' in version `normal'
(Font)                  OML/cmm/m/it --> OML/txmi/m/it on input line 58.
LaTeX Font Info:    Overwriting symbol font `letters' in version `bold'
(Font)                  OML/cmm/b/it --> OML/txmi/m/it on input line 58.
LaTeX Font Info:    Overwriting symbol font `letters' in version `bold'
(Font)                  OML/txmi/m/it --> OML/txmi/bx/it on input line 59.
\symlettersA=\mathgroup5
LaTeX Font Info:    Overwriting symbol font `lettersA' in version `bold'
(Font)                  U/txmia/m/it --> U/txmia/bx/it on input line 67.
LaTeX Font Info:    Redeclaring symbol font `symbols' on input line 77.
LaTeX Font Info:    Overwriting symbol font `symbols' in version `normal'
(Font)                  OMS/cmsy/m/n --> OMS/txsy/m/n on input line 77.
LaTeX Font Info:    Overwriting symbol font `symbols' in version `bold'
(Font)                  OMS/cmsy/b/n --> OMS/txsy/m/n on input line 77.
LaTeX Font Info:    Overwriting symbol font `symbols' in version `bold'
(Font)                  OMS/txsy/m/n --> OMS/txsy/bx/n on input line 78.
\symAMSa=\mathgroup6
LaTeX Font Info:    Overwriting symbol font `AMSa' in version `bold'
(Font)                  U/txsya/m/n --> U/txsya/bx/n on input line 94.
\symAMSb=\mathgroup7
LaTeX Font Info:    Overwriting symbol font `AMSb' in version `bold'
(Font)                  U/txsyb/m/n --> U/txsyb/bx/n on input line 103.
\symsymbolsC=\mathgroup8
LaTeX Font Info:    Overwriting symbol font `symbolsC' in version `bold'
(Font)                  U/txsyc/m/n --> U/txsyc/bx/n on input line 113.
LaTeX Font Info:    Redeclaring symbol font `largesymbols' on input line 120.
LaTeX Font Info:    Overwriting symbol font `largesymbols' in version `normal'
(Font)                  OMX/cmex/m/n --> OMX/txex/m/n on input line 120.
LaTeX Font Info:    Overwriting symbol font `largesymbols' in version `bold'
(Font)                  OMX/cmex/m/n --> OMX/txex/m/n on input line 120.
LaTeX Font Info:    Overwriting symbol font `largesymbols' in version `bold'
(Font)                  OMX/txex/m/n --> OMX/txex/bx/n on input line 121.
\symlargesymbolsA=\mathgroup9
LaTeX Font Info:    Overwriting symbol font `largesymbolsA' in version `bold'
(Font)                  U/txexa/m/n --> U/txexa/bx/n on input line 129.
LaTeX Info: Redefining \not on input line 1043.
)
(/usr/local/texlive/2015/texmf-dist/tex/latex/tocloft/tocloft.sty
Package: tocloft 2013/05/02 v2.3f parameterised ToC, etc., typesetting
Package tocloft Info: The document has chapter divisions on input line 44.
\cftparskip=\skip55
\cftbeforetoctitleskip=\skip56
\cftaftertoctitleskip=\skip57
\cftbeforepartskip=\skip58
\cftpartnumwidth=\skip59
\cftpartindent=\skip60
\cftbeforechapskip=\skip61
\cftchapindent=\skip62
\cftchapnumwidth=\skip63
\cftbeforesecskip=\skip64
\cftsecindent=\skip65
\cftsecnumwidth=\skip66
\cftbeforesubsecskip=\skip67
\cftsubsecindent=\skip68
\cftsubsecnumwidth=\skip69
\cftbeforesubsubsecskip=\skip70
\cftsubsubsecindent=\skip71
\cftsubsubsecnumwidth=\skip72
\cftbeforeparaskip=\skip73
\cftparaindent=\skip74
\cftparanumwidth=\skip75
\cftbeforesubparaskip=\skip76
\cftsubparaindent=\skip77
\cftsubparanumwidth=\skip78
\cftbeforeloftitleskip=\skip79
\cftafterloftitleskip=\skip80
\cftbeforefigskip=\skip81
\cftfigindent=\skip82
\cftfignumwidth=\skip83
\c@lofdepth=\count125
\c@lotdepth=\count126
\cftbeforelottitleskip=\skip84
\cftafterlottitleskip=\skip85
\cftbeforetabskip=\skip86
\cfttabindent=\skip87
\cfttabnumwidth=\skip88
)
\c@myappendices=\count127
\cftbeforemyappendicesskip=\skip89
\cftmyappendicesindent=\skip90
\cftmyappendicesnumwidth=\skip91
\c@appdepth=\count128
\cftbeforeapptitleskip=\skip92
\cftafterapptitleskip=\skip93

(./westernthesis.aux (./Chapters/Introduction.aux) (./Chapters/Methods.aux)
(./Chapters/Tempo.aux) (./Chapters/ERPResults.aux)
(./Chapters/Classification.aux

LaTeX Warning: Label `fig:components' multiply defined.

) (./Appendices/EthicsApproval.aux))
\openout1 = `westernthesis.aux'.

LaTeX Font Info:    Checking defaults for OML/txmi/m/it on input line 341.
LaTeX Font Info:    Try loading font information for OML+txmi on input line 341
.

(/usr/local/texlive/2015/texmf-dist/tex/latex/txfonts/omltxmi.fd
File: omltxmi.fd 2000/12/15 v3.1
)
LaTeX Font Info:    ... okay on input line 341.
LaTeX Font Info:    Checking defaults for T1/cmr/m/n on input line 341.
LaTeX Font Info:    ... okay on input line 341.
LaTeX Font Info:    Checking defaults for OT1/cmr/m/n on input line 341.
LaTeX Font Info:    ... okay on input line 341.
LaTeX Font Info:    Checking defaults for OMS/txsy/m/n on input line 341.
LaTeX Font Info:    Try loading font information for OMS+txsy on input line 341
.

(/usr/local/texlive/2015/texmf-dist/tex/latex/txfonts/omstxsy.fd
File: omstxsy.fd 2000/12/15 v3.1
)
LaTeX Font Info:    ... okay on input line 341.
LaTeX Font Info:    Checking defaults for OMX/txex/m/n on input line 341.
LaTeX Font Info:    Try loading font information for OMX+txex on input line 341
.

(/usr/local/texlive/2015/texmf-dist/tex/latex/txfonts/omxtxex.fd
File: omxtxex.fd 2000/12/15 v3.1
)
LaTeX Font Info:    ... okay on input line 341.
LaTeX Font Info:    Checking defaults for U/txexa/m/n on input line 341.
LaTeX Font Info:    Try loading font information for U+txexa on input line 341.


(/usr/local/texlive/2015/texmf-dist/tex/latex/txfonts/utxexa.fd
File: utxexa.fd 2000/12/15 v3.1
)
LaTeX Font Info:    ... okay on input line 341.
LaTeX Font Info:    Checking defaults for PD1/pdf/m/n on input line 341.
LaTeX Font Info:    ... okay on input line 341.
LaTeX Font Info:    Try loading font information for OT1+txr on input line 341.


(/usr/local/texlive/2015/texmf-dist/tex/latex/txfonts/ot1txr.fd
File: ot1txr.fd 2000/12/15 v3.1
)
(/usr/local/texlive/2015/texmf-dist/tex/context/base/supp-pdf.mkii
[Loading MPS to PDF converter (version 2006.09.02).]
\scratchcounter=\count129
\scratchdimen=\dimen141
\scratchbox=\box28
\nofMPsegments=\count130
\nofMParguments=\count131
\everyMPshowfont=\toks29
\MPscratchCnt=\count132
\MPscratchDim=\dimen142
\MPnumerator=\count133
\makeMPintoPDFobject=\count134
\everyMPtoPDFconversion=\toks30
) (/usr/local/texlive/2015/texmf-dist/tex/latex/oberdiek/epstopdf-base.sty
Package: epstopdf-base 2010/02/09 v2.5 Base part for package epstopdf

(/usr/local/texlive/2015/texmf-dist/tex/latex/oberdiek/grfext.sty
Package: grfext 2010/08/19 v1.1 Manage graphics extensions (HO)
)
Package grfext Info: Graphics extension search list:
(grfext)             [.png,.pdf,.jpg,.mps,.jpeg,.jbig2,.jb2,.PNG,.PDF,.JPG,.JPE
G,.JBIG2,.JB2,.eps]
(grfext)             \AppendGraphicsExtensions on input line 452.

(/usr/local/texlive/2015/texmf-dist/tex/latex/latexconfig/epstopdf-sys.cfg
File: epstopdf-sys.cfg 2010/07/13 v1.3 Configuration of (r)epstopdf for TeX Liv
e
))
\AtBeginShipoutBox=\box29

(/usr/local/texlive/2015/texmf-dist/tex/latex/graphics/color.sty
Package: color 2014/10/28 v1.1a Standard LaTeX Color (DPC)

(/usr/local/texlive/2015/texmf-dist/tex/latex/latexconfig/color.cfg
File: color.cfg 2007/01/18 v1.5 color configuration of teTeX/TeXLive
)
Package color Info: Driver file: pdftex.def on input line 142.
)
Package hyperref Info: Link coloring ON on input line 341.

(/usr/local/texlive/2015/texmf-dist/tex/latex/hyperref/nameref.sty
Package: nameref 2012/10/27 v2.43 Cross-referencing by name of section

(/usr/local/texlive/2015/texmf-dist/tex/generic/oberdiek/gettitlestring.sty
Package: gettitlestring 2010/12/03 v1.4 Cleanup title references (HO)
)
\c@section@level=\count135
)
LaTeX Info: Redefining \ref on input line 341.
LaTeX Info: Redefining \pageref on input line 341.
LaTeX Info: Redefining \nameref on input line 341.

(./westernthesis.out) (./westernthesis.out)
\@outlinefile=\write4
\openout4 = `westernthesis.out'.

\c@maskedRefs=\count136

(/usr/local/texlive/2015/texmf-dist/tex/latex/apacite/english.apc
File: english.apc 2013/07/21 v6.03 apacite language file
LaTeX Info: Redefining \BPBI on input line 129.
LaTeX Info: Redefining \BHBI on input line 130.
)
LaTeX Font Info:    Try loading font information for U+txmia on input line 354.


(/usr/local/texlive/2015/texmf-dist/tex/latex/txfonts/utxmia.fd
File: utxmia.fd 2000/12/15 v3.1
)
LaTeX Font Info:    Try loading font information for U+txsya on input line 354.


(/usr/local/texlive/2015/texmf-dist/tex/latex/txfonts/utxsya.fd
File: utxsya.fd 2000/12/15 v3.1
)
LaTeX Font Info:    Try loading font information for U+txsyb on input line 354.


(/usr/local/texlive/2015/texmf-dist/tex/latex/txfonts/utxsyb.fd
File: utxsyb.fd 2000/12/15 v3.1
)
LaTeX Font Info:    Try loading font information for U+txsyc on input line 354.


(/usr/local/texlive/2015/texmf-dist/tex/latex/txfonts/utxsyc.fd
File: utxsyc.fd 2000/12/15 v3.1
)
LaTeX Font Info:    Try loading font information for OMS+txr on input line 354.


(/usr/local/texlive/2015/texmf-dist/tex/latex/txfonts/omstxr.fd
File: omstxr.fd 2000/12/15 v3.1
)
LaTeX Font Info:    Font shape `OMS/txr/m/n' in size <14.4> not available
(Font)              Font shape `OMS/txsy/m/n' tried instead on input line 354.
 [1

{/usr/local/texlive/2015/texmf-var/fonts/map/pdftex/updmap/pdftex.map}]
Overfull \hbox (40.69499pt too wide) in paragraph at lines 356--356
[][]   [] 
 []


Overfull \hbox (40.69499pt too wide) in paragraph at lines 356--356
[][]   [] 
 []

[2] [3] (./westernthesis.toc)
\tf@toc=\write5
\openout5 = `westernthesis.toc'.

 [4] (./westernthesis.lof
Package acronym Info: Label `acro:ERP' newly defined as it shall be overridden
although it is yet undefined on input line 3.
)
\tf@lof=\write6
\openout6 = `westernthesis.lof'.

 [5]
(./westernthesis.lot)
\tf@lot=\write7
\openout7 = `westernthesis.lot'.

 [6] (./westernthesis.app)
\tf@app=\write8
\openout8 = `westernthesis.app'.

 [7]
\openout2 = `Chapters/Introduction.aux'.


(./Chapters/Introduction.tex
Package acronym Info: Label `acro:BCI' newly defined as it shall be overridden
although it is yet undefined on input line 6.
Package acronym Info: Label `acro:EEG' newly defined as it shall be overridden
although it is yet undefined on input line 8.
Package acronym Info: Label `acro:SSEP' newly defined as it shall be overridden

although it is yet undefined on input line 25.

Underfull \vbox (badness 10000) has occurred while \output is active []

 [1


]
Package acronym Info: Label `acro:CNN' newly defined as it shall be overridden
although it is yet undefined on input line 54.
Package acronym Info: Label `acro:CAE' newly defined as it shall be overridden
although it is yet undefined on input line 65.
Package acronym Info: Label `acro:PCA' newly defined as it shall be overridden
although it is yet undefined on input line 73.
Package acronym Info: Label `acro:ICA' newly defined as it shall be overridden
although it is yet undefined on input line 73.
Package acronym Info: Label `acro:MSRE' newly defined as it shall be overridden

although it is yet undefined on input line 74.

[2]) [3]
\openout2 = `Chapters/Methods.aux'.

 (./Chapters/Methods.tex
Overfull \hbox (16.4685pt too wide) in paragraph at lines 13--24
\OT1/txr/m/n/12 Musil, & Stew-art[][], [][]2014[][]) com-bined with an adapted 
clar-ity of au-di-tory imag-i-na-tion scale [][][]Willander
 []


Underfull \hbox (badness 10000) in alignment at lines 52--52
[][][][][][][] 
 []

<Figures/EEG-setup.pdf, id=238, 693.41469pt x 404.48714pt>
File: Figures/EEG-setup.pdf Graphic file (type pdf)

<use Figures/EEG-setup.pdf>
Package pdftex.def Info: Figures/EEG-setup.pdf used on input line 63.
(pdftex.def)             Requested size: 451.6875pt x 263.48134pt.
 [4



]
<Figures/study_design_small.pdf, id=253, 594.22pt x 307.1475pt>
File: Figures/study_design_small.pdf Graphic file (type pdf)

<use Figures/study_design_small.pdf>
Package pdftex.def Info: Figures/study_design_small.pdf used on input line 89.
(pdftex.def)             Requested size: 361.35136pt x 186.78792pt.
 [5] [6 <./Figures/EEG-setup.pdf> <./Figures/study_design_small.pdf>]) [7]
\openout2 = `Chapters/Tempo.aux'.


No file Chapters/Tempo.tex.
\openout2 = `Chapters/ERPResults.aux'.

(./Chapters/ERPResults.tex
<Figures/principle_components.pdf, id=369, 506.55704pt x 542.10103pt>
File: Figures/principle_components.pdf Graphic file (type pdf)

<use Figures/principle_components.pdf>
Package pdftex.def Info: Figures/principle_components.pdf used on input line 13
.
(pdftex.def)             Requested size: 361.35136pt x 386.72249pt.

<Figures/component_timecourse_ballgame.pdf, id=372, 1002.24437pt x 213.5497pt>
File: Figures/component_timecourse_ballgame.pdf Graphic file (type pdf)

<use Figures/component_timecourse_ballgame.pdf>
Package pdftex.def Info: Figures/component_timecourse_ballgame.pdf used on inpu
t line 43.
(pdftex.def)             Requested size: 361.35136pt x 76.99513pt.

<Figures/component_timecourse_nachtmusic.pdf, id=373, 1002.24437pt x 213.5497pt
>
File: Figures/component_timecourse_nachtmusic.pdf Graphic file (type pdf)
 <use Figures/component_timecourse_nachtmusic.pdf>
Package pdftex.def Info: Figures/component_timecourse_nachtmusic.pdf used on in
put line 53.
(pdftex.def)             Requested size: 361.35136pt x 76.99513pt.
) [8





] [9 <./Figures/principle_components.pdf> <./Figures/component_timecourse_ballg
ame.pdf

pdfTeX warning: /Library/TeX/texbin/pdflatex (file ./Figures/component_timecour
se_ballgame.pdf): PDF inclusion: multiple pdfs with page group included in a si
ngle page
>] [10 <./Figures/component_timecourse_nachtmusic.pdf>]
\openout2 = `Chapters/Classification.aux'.


(./Chapters/Classification.tex
<Figures/topoplots_all.pdf, id=547, 1104.79352pt x 453.47313pt>
File: Figures/topoplots_all.pdf Graphic file (type pdf)

<use Figures/topoplots_all.pdf>
Package pdftex.def Info: Figures/topoplots_all.pdf used on input line 23.
(pdftex.def)             Requested size: 451.6875pt x 185.3993pt.
) [11



] [12 <./Figures/topoplots_all.pdf>]
(./westernthesis.bbl
LaTeX Font Info:    Try loading font information for OT1+txtt on input line 35.


(/usr/local/texlive/2015/texmf-dist/tex/latex/txfonts/ot1txtt.fd
File: ot1txtt.fd 2000/12/15 v3.1
)
Underfull \hbox (badness 1448) in paragraph at lines 364--381
[]\OT1/txr/m/n/12 Hubel, D. H., & Wiesel, T. N.  (1963).  Re-cep-tive fields of
 cells in stri-ate cor-
 []


Underfull \hbox (badness 1688) in paragraph at lines 364--381
\OT1/txr/m/n/12 tex of very young, vi-su-ally in-ex-pe-ri-enced kit-tens.  \OT1
/txr/m/it/12 J. neu-ro-phys-iol\OT1/txr/m/n/12 , \OT1/txr/m/it/12 26\OT1/txr/m/
n/12 , 994--
 []


Underfull \vbox (badness 3724) has occurred while \output is active []

 [13


]
Underfull \hbox (badness 1062) in paragraph at lines 796--816
[]\OT1/txr/m/n/12 Schaefer, R. S., De-sain, P., & Far-quhar, J.  (2013).  Share
d pro-cess-ing of per-cep-
 []


Underfull \hbox (badness 1565) in paragraph at lines 796--816
\OT1/txr/m/n/12 trieved 2015-04-25, from [][]$\OT1/txtt/m/n/12 http :// www [] 
.sciencedirect [] .com / science / article /
 []

[14]) [15]
\openout2 = `Appendices/EthicsApproval.aux'.

 (./Appendices/EthicsApproval.tex
Appendix A.
) [16


]
\openout2 = `Appendices/Questionnaire.aux'.

 (./Appendices/Questionnaire.tex
Appendix B.
) [17



]
Package atveryend Info: Empty hook `BeforeClearDocument' on input line 434.
 [18


]
Package atveryend Info: Empty hook `AfterLastShipout' on input line 434.
 (./westernthesis.aux (./Chapters/Introduction.aux)
(./Chapters/Methods.aux) (./Chapters/Tempo.aux) (./Chapters/ERPResults.aux)
(./Chapters/Classification.aux) (./Appendices/EthicsApproval.aux)
(./Appendices/Questionnaire.aux))
Package atveryend Info: Executing hook `AtVeryEndDocument' on input line 434.
Package atveryend Info: Executing hook `AtEndAfterFileList' on input line 434.


Package rerunfilecheck Warning: File `westernthesis.out' has changed.
(rerunfilecheck)                Rerun to get outlines right
(rerunfilecheck)                or use package `bookmark'.

Package rerunfilecheck Info: Checksums for `westernthesis.out':
(rerunfilecheck)             Before: EFAE1D82366600B7DA7275D296B50C30;660
(rerunfilecheck)             After:  BF2688A3449E0784A99DD04347697317;716.

LaTeX Warning: There were multiply-defined labels.

Package atveryend Info: Empty hook `AtVeryVeryEnd' on input line 434.
 ) 
Here is how much of TeX's memory you used:
 8553 strings out of 493089
 123147 string characters out of 6134842
 227709 words of memory out of 5000000
 11734 multiletter control sequences out of 15000+600000
 43770 words of font info for 114 fonts, out of 8000000 for 9000
 1141 hyphenation exceptions out of 8191
 29i,13n,26p,1097b,492s stack positions out of 5000i,500n,10000p,200000b,80000s
{/usr/local/texlive/2015/texmf-dist/fonts/enc/dvips/base/8r.enc}</usr/local/t
exlive/2015/texmf-dist/fonts/type1/public/txfonts/rtxmi.pfb></usr/local/texlive
/2015/texmf-dist/fonts/type1/public/txfonts/rtxr.pfb></usr/local/texlive/2015/t
exmf-dist/fonts/type1/public/txfonts/rtxsc.pfb></usr/local/texlive/2015/texmf-d
ist/fonts/type1/public/txfonts/txsy.pfb></usr/local/texlive/2015/texmf-dist/fon
ts/type1/public/txfonts/txtt.pfb></usr/local/texlive/2015/texmf-dist/fonts/type
1/urw/times/utmb8a.pfb></usr/local/texlive/2015/texmf-dist/fonts/type1/urw/time
s/utmr8a.pfb></usr/local/texlive/2015/texmf-dist/fonts/type1/urw/times/utmri8a.
pfb>
Output written on westernthesis.pdf (25 pages, 5147339 bytes).
PDF statistics:
 903 PDF objects out of 1000 (max. 8388607)
 602 compressed objects within 7 object streams
 94 named destinations out of 1000 (max. 500000)
 135 words of extra memory for PDF output out of 10000 (max. 10000000)

